<?xml version="1.0" encoding="UTF-8"?>
<!-- Generated by org.testng.reporters.JUnitXMLReporter -->
<testsuite ignored="0" hostname="anjali209" failures="0" tests="3" name="Default test" time="17.049" errors="0" timestamp="2026-04-16T14:59:19 IST">
  <testcase classname="miniproject.TestScripts" name="testStatusCode" time="2.039"/>
  <testcase classname="miniproject.TestScripts" name="testTitleEquals" time="6.098"/>
  <testcase classname="miniproject.TestScripts" name="testWebPage" time="8.84"/>
</testsuite> <!-- Default test -->
