<?xml version="1.0" encoding="UTF-8"?>
<!-- Generated by org.testng.reporters.JUnitXMLReporter -->
<testsuite ignored="0" hostname="anjali209" failures="0" tests="3" name="Test" time="31.677" errors="0" timestamp="2026-04-16T15:02:34 IST">
  <testcase classname="miniproject.TestScripts" name="testStatusCode" time="1.705"/>
  <testcase classname="miniproject.TestScripts" name="testTitleEquals" time="14.959"/>
  <testcase classname="miniproject.TestScripts" name="testWebPage" time="14.923"/>
</testsuite> <!-- Test -->
