<?xml version="1.0" encoding="UTF-8"?>
<testng-results ignored="0" total="3" passed="3" failed="0" skipped="0">
  <reporter-output>
  </reporter-output>
  <suite started-at="2026-04-16T15:02:03 IST" name="Suite" finished-at="2026-04-16T15:02:34 IST" duration-ms="31677">
    <groups>
    </groups>
    <test started-at="2026-04-16T15:02:03 IST" name="Test" finished-at="2026-04-16T15:02:34 IST" duration-ms="31677">
      <class name="miniproject.TestScripts">
        <test-method signature="testStatusCode()[pri:0, instance:miniproject.TestScripts@2a4fb17b]" started-at="2026-04-16T15:02:03 IST" name="testStatusCode" finished-at="2026-04-16T15:02:05 IST" duration-ms="1705" status="PASS">
          <reporter-output>
          </reporter-output>
        </test-method> <!-- testStatusCode -->
        <test-method signature="testTitleEquals()[pri:0, instance:miniproject.TestScripts@2a4fb17b]" started-at="2026-04-16T15:02:05 IST" name="testTitleEquals" finished-at="2026-04-16T15:02:19 IST" duration-ms="14959" status="PASS">
          <reporter-output>
          </reporter-output>
        </test-method> <!-- testTitleEquals -->
        <test-method signature="testWebPage()[pri:0, instance:miniproject.TestScripts@2a4fb17b]" started-at="2026-04-16T15:02:19 IST" name="testWebPage" finished-at="2026-04-16T15:02:34 IST" duration-ms="14923" status="PASS">
          <reporter-output>
          </reporter-output>
        </test-method> <!-- testWebPage -->
      </class> <!-- miniproject.TestScripts -->
    </test> <!-- Test -->
  </suite> <!-- Suite -->
</testng-results>
