<?xml version="1.0" encoding="UTF-8"?>
<testng-results ignored="0" total="3" passed="3" failed="0" skipped="0">
  <reporter-output>
  </reporter-output>
  <suite started-at="2026-04-16T17:38:34 IST" name="Default suite" finished-at="2026-04-16T17:38:51 IST" duration-ms="17512">
    <groups>
    </groups>
    <test started-at="2026-04-16T17:38:34 IST" name="Default test" finished-at="2026-04-16T17:38:51 IST" duration-ms="17512">
      <class name="miniproject.TestScripts">
        <test-method signature="testStatusCode()[pri:0, instance:miniproject.TestScripts@5c6648b0]" started-at="2026-04-16T17:38:34 IST" name="testStatusCode" finished-at="2026-04-16T17:38:36 IST" duration-ms="1624" status="PASS">
          <reporter-output>
          </reporter-output>
        </test-method> <!-- testStatusCode -->
        <test-method signature="testTitleEquals()[pri:0, instance:miniproject.TestScripts@5c6648b0]" started-at="2026-04-16T17:38:36 IST" name="testTitleEquals" finished-at="2026-04-16T17:38:43 IST" duration-ms="7681" status="PASS">
          <reporter-output>
          </reporter-output>
        </test-method> <!-- testTitleEquals -->
        <test-method signature="testWebPage()[pri:0, instance:miniproject.TestScripts@5c6648b0]" started-at="2026-04-16T17:38:43 IST" name="testWebPage" finished-at="2026-04-16T17:38:51 IST" duration-ms="8108" status="PASS">
          <reporter-output>
          </reporter-output>
        </test-method> <!-- testWebPage -->
      </class> <!-- miniproject.TestScripts -->
    </test> <!-- Default test -->
  </suite> <!-- Default suite -->
</testng-results>
