<?xml version="1.0" encoding="UTF-8"?>
<!-- Generated by org.testng.reporters.JUnitReportReporter -->
<testsuite hostname="anjali209" failures="0" tests="3" name="miniproject.TestScripts" time="31.587" errors="0" timestamp="2026-04-16T15:02:35 IST" skipped="0">
  <testcase classname="miniproject.TestScripts" name="testStatusCode" time="1.705"/>
  <testcase classname="miniproject.TestScripts" name="testTitleEquals" time="14.959"/>
  <testcase classname="miniproject.TestScripts" name="testWebPage" time="14.923"/>
</testsuite> <!-- miniproject.TestScripts -->
