<?xml version="1.0" encoding="UTF-8"?>
<!-- Generated by org.testng.reporters.JUnitReportReporter -->
<testsuite hostname="anjali209" failures="0" tests="3" name="miniproject.TestScripts" time="17.413" errors="0" timestamp="2026-04-16T17:38:52 IST" skipped="0">
  <testcase classname="miniproject.TestScripts" name="testStatusCode" time="1.624"/>
  <testcase classname="miniproject.TestScripts" name="testTitleEquals" time="7.681"/>
  <testcase classname="miniproject.TestScripts" name="testWebPage" time="8.108"/>
</testsuite> <!-- miniproject.TestScripts -->
